<?xml version="1.0" encoding="UTF-8"?>
<testsuite name="connectfour.BoardTest" tests="18" skipped="0" failures="0" errors="0" timestamp="2022-10-24T12:34:55" hostname="cis2430" time="0.052">
  <properties/>
  <testcase name="testNoWinGameState" classname="connectfour.BoardTest" time="0.016"/>
  <testcase name="testWinGameState" classname="connectfour.BoardTest" time="0.008"/>
  <testcase name="testTieGame" classname="connectfour.BoardTest" time="0.0"/>
  <testcase name="testNoLeftDiagonalWin" classname="connectfour.BoardTest" time="0.0"/>
  <testcase name="testCreateBoard" classname="connectfour.BoardTest" time="0.0"/>
  <testcase name="testRightDiagonalWin" classname="connectfour.BoardTest" time="0.001"/>
  <testcase name="testToString" classname="connectfour.BoardTest" time="0.018"/>
  <testcase name="testBoardToString" classname="connectfour.BoardTest" time="0.0"/>
  <testcase name="testNoRightDiagonalWin" classname="connectfour.BoardTest" time="0.0"/>
  <testcase name="testGameWin" classname="connectfour.BoardTest" time="0.001"/>
  <testcase name="testLeftDiagonalWin" classname="connectfour.BoardTest" time="0.001"/>
  <testcase name="testNoTieGame" classname="connectfour.BoardTest" time="0.0"/>
  <testcase name="testNoColumnwWin" classname="connectfour.BoardTest" time="0.0"/>
  <testcase name="testMakeMove" classname="connectfour.BoardTest" time="0.0"/>
  <testcase name="testNoRowWin" classname="connectfour.BoardTest" time="0.0"/>
  <testcase name="testColumnwWin" classname="connectfour.BoardTest" time="0.001"/>
  <testcase name="testRowWin" classname="connectfour.BoardTest" time="0.001"/>
  <testcase name="testLoadBoard" classname="connectfour.BoardTest" time="0.001"/>
  <system-out><![CDATA[Player One: R has won!
Tie Game!
Player One: R has won!
Player One: R has won!
Player One: R has won!
Player One: R has won!
Player One: R has won!
]]></system-out>
  <system-err><![CDATA[]]></system-err>
</testsuite>
